[debug] ----------------------------------------------------------------------
[debug] Command:      /usr/bin/nodejs /usr/bin/firebase deploy
[debug] CLI Version:  3.9.0
[debug] Platform:     linux
[debug] Node Version: v6.10.1
[debug] Time:         Fri May 26 2017 08:26:30 GMT+0200 (EET)
[debug] ----------------------------------------------------------------------
[debug] 
[debug] > command requires scopes: ["email","openid","https://www.googleapis.com/auth/cloudplatformprojects.readonly","https://www.googleapis.com/auth/firebase","https://www.googleapis.com/auth/cloud-platform"]
[debug] >>> HTTP REQUEST GET https://admin.firebase.com/v1/projects/lifecare-70046  
 Fri May 26 2017 08:26:30 GMT+0200 (EET)
[debug] ----------------------------------------------------------------------
[debug] Command:      /usr/bin/nodejs /usr/local/bin/firebase deploy
[debug] CLI Version:  3.9.0
[debug] Platform:     linux
[debug] Node Version: v4.2.6
[debug] Time:         Fri May 26 2017 21:49:26 GMT+0200 (EET)
[debug] ----------------------------------------------------------------------
[debug] 
[debug] > command requires scopes: ["email","openid","https://www.googleapis.com/auth/cloudplatformprojects.readonly","https://www.googleapis.com/auth/firebase","https://www.googleapis.com/auth/cloud-platform"]
[debug] >>> HTTP REQUEST GET https://admin.firebase.com/v1/projects/lifecare-70046  
 Fri May 26 2017 21:49:26 GMT+0200 (EET)
[debug] <<< HTTP RESPONSE 200
[debug] >>> HTTP REQUEST GET https://admin.firebase.com/v1/database/lifecare-70046/tokens  
 Fri May 26 2017 21:49:27 GMT+0200 (EET)
[debug] <<< HTTP RESPONSE 200
